<?xml version="1.0" encoding="UTF-8"?>
<!-- Generated by org.testng.reporters.JUnitReportReporter -->
<testsuite hostname="LAPTOP-QD4M5PPT" failures="0" tests="1" name="basicTestScript.DemoScript2" time="0.004" errors="0" timestamp="2023-01-06T16:05:07 IST" skipped="0">
  <testcase classname="basicTestScript.DemoScript2" name="veriefycreatUser" time="0.004"/>
  <system-out/>
</testsuite> <!-- basicTestScript.DemoScript2 -->
