<?xml version="1.0" encoding="UTF-8"?>
<!-- Generated by org.testng.reporters.JUnitReportReporter -->
<testsuite hostname="LAPTOP-QD4M5PPT" failures="0" tests="5" name="testng.InvocationCount" time="0.005" errors="0" timestamp="2023-01-04T18:26:40 IST" skipped="0">
  <testcase classname="testng.InvocationCount" name="demo" time="0.001"/>
  <system-out/>
  <testcase classname="testng.InvocationCount" name="demo" time="0.001"/>
  <system-out/>
  <testcase classname="testng.InvocationCount" name="demo" time="0.001"/>
  <system-out/>
  <testcase classname="testng.InvocationCount" name="demo" time="0.001"/>
  <system-out/>
  <testcase classname="testng.InvocationCount" name="demo" time="0.001"/>
  <system-out/>
</testsuite> <!-- testng.InvocationCount -->
