<?xml version="1.0" encoding="UTF-8"?>
<!-- Generated by org.testng.reporters.JUnitReportReporter -->
<testsuite hostname="LAPTOP-QD4M5PPT" failures="0" tests="2" name="testng.ClassA" time="0.014" errors="0" timestamp="2023-01-04T18:28:12 IST" skipped="0">
  <testcase classname="testng.ClassA" name="login" time="0.011"/>
  <system-out/>
  <testcase classname="testng.ClassA" name="logout" time="0.003"/>
  <system-out/>
</testsuite> <!-- testng.ClassA -->
