<?xml version="1.0" encoding="UTF-8"?>
<!-- Generated by org.testng.reporters.JUnitReportReporter -->
<testsuite hostname="LAPTOP-QD4M5PPT" failures="0" tests="2" name="basicTestScript.DemoScript" time="0.011" errors="0" timestamp="2023-01-06T16:05:07 IST" skipped="0">
  <testcase classname="basicTestScript.DemoScript" name="veriefylogin" time="0.009"/>
  <system-out/>
  <testcase classname="basicTestScript.DemoScript" name="veriefycreatUser" time="0.002"/>
  <system-out/>
</testsuite> <!-- basicTestScript.DemoScript -->
