<?xml version="1.0" encoding="UTF-8"?>
<!-- Generated by org.testng.reporters.JUnitReportReporter -->
<testsuite hostname="LAPTOP-QD4M5PPT" failures="0" tests="1" name="basicTestScript.ToVerifyHomePageTest" time="9.347" errors="0" timestamp="2023-01-10T16:09:18 IST" skipped="0">
  <testcase classname="basicTestScript.ToVerifyHomePageTest" name="toVerifyHomePageTest" time="9.347"/>
  <system-out/>
</testsuite> <!-- basicTestScript.ToVerifyHomePageTest -->
