<?xml version="1.0" encoding="UTF-8"?>
<!-- Generated by org.testng.reporters.JUnitReportReporter -->
<testsuite hostname="LAPTOP-QD4M5PPT" failures="0" tests="5" name="testng.Priority" time="0.002" errors="0" timestamp="2023-01-04T18:26:40 IST" skipped="0">
  <testcase classname="testng.Priority" name="Cdemo" time="0.000"/>
  <system-out/>
  <testcase classname="testng.Priority" name="Ademo" time="0.000"/>
  <system-out/>
  <testcase classname="testng.Priority" name="bdemo" time="0.001"/>
  <system-out/>
  <testcase classname="testng.Priority" name="ademo" time="0.000"/>
  <system-out/>
  <testcase classname="testng.Priority" name="Bdemo" time="0.001"/>
  <system-out/>
</testsuite> <!-- testng.Priority -->
