<?xml version="1.0" encoding="UTF-8"?>
<!-- Generated by org.testng.reporters.JUnitReportReporter -->
<testsuite hostname="LAPTOP-QD4M5PPT" failures="0" tests="1" name="testng.ClassC" time="3.561" errors="0" timestamp="2023-01-04T16:50:56 IST" skipped="0">
  <testcase classname="testng.ClassC" name="Demo1" time="3.561"/>
  <system-out/>
</testsuite> <!-- testng.ClassC -->
