<?xml version="1.0" encoding="UTF-8"?>
<!-- Generated by org.testng.reporters.JUnitReportReporter -->
<testsuite hostname="LAPTOP-QD4M5PPT" failures="0" tests="6" name="testng.Test1" time="0.003" errors="0" timestamp="2023-01-04T18:26:40 IST" skipped="0">
  <testcase classname="testng.Test1" name="demo2" time="0.001"/>
  <system-out/>
  <testcase classname="testng.Test1" name="demo" time="0.001"/>
  <system-out/>
  <testcase classname="testng.Test1" name="demo1" time="0.000"/>
  <system-out/>
  <testcase classname="testng.Test1" name="ademo" time="0.001"/>
  <system-out/>
  <testcase classname="testng.Test1" name="bdemo1" time="0.000"/>
  <system-out/>
  <testcase classname="testng.Test1" name="cdemo2" time="0.000"/>
  <system-out/>
</testsuite> <!-- testng.Test1 -->
