<?xml version="1.0" encoding="UTF-8"?>
<!-- Generated by org.testng.reporters.JUnitReportReporter -->
<testsuite hostname="LAPTOP-QD4M5PPT" failures="0" tests="3" name="testng.ClassE" time="48.812" errors="0" timestamp="2023-01-05T16:01:18 IST" skipped="0">
  <testcase classname="testng.ClassE" name="demo" time="17.677"/>
  <system-out/>
  <testcase classname="testng.ClassE" name="demo" time="16.217"/>
  <system-out/>
  <testcase classname="testng.ClassE" name="demo" time="14.918"/>
  <system-out/>
</testsuite> <!-- testng.ClassE -->
