<?xml version="1.0" encoding="UTF-8"?>
<!-- Generated by org.testng.reporters.JUnitReportReporter -->
<testsuite hostname="LAPTOP-QD4M5PPT" failures="0" tests="3" name="testng.DataProvider" time="0.010" errors="0" timestamp="2023-01-04T18:26:40 IST" skipped="0">
  <testcase classname="testng.DataProvider" name="test" time="0.008"/>
  <system-out/>
  <testcase classname="testng.DataProvider" name="test" time="0.001"/>
  <system-out/>
  <testcase classname="testng.DataProvider" name="test" time="0.001"/>
  <system-out/>
</testsuite> <!-- testng.DataProvider -->
